Log file open, 10/21/18 18:12:28
LogWindows: Failed to load 'aqProf.dll' (GetLastError=126)
LogWindows: File 'aqProf.dll' does not exist
LogWindows: Failed to load 'VtuneApi.dll' (GetLastError=126)
LogWindows: File 'VtuneApi.dll' does not exist
LogWindows: Failed to load 'VtuneApi32e.dll' (GetLastError=126)
LogWindows: File 'VtuneApi32e.dll' does not exist
LogInit: Display: Running engine for game: Assassination
LogPlatformFile: Not using cached read wrapper
LogInit: Display: RandInit(-916540398) SRandInit(-916540398).
LogInit: Read version file with build ID '3944462'
LogInit: Overriding engine version to CL 4033788, compatible CL 3944462
LogInit: Registered custom module enumerator with build ID '3944462'
LogTaskGraph: Started task graph with 5 named threads and 23 total threads with 3 sets of task threads.
LogStats: Stats thread started at 0.260137
LogD3D11RHI: Aftermath initialized
LogICUInternationalization: Display: ICU TimeZone Detection - Raw Offset: +0:00, Platform Override: ''
LogModuleManager: Display: Found up-to-date module file ../../../Engine/Plugins/Marketplace/Substance/Binaries/Win64/UE4Editor-SubstanceCore.dll (API version 3944462).
LogModuleManager: Display: Found up-to-date module file ../../../Engine/Plugins/Marketplace/Substance/Binaries/Win64/UE4Editor-SubstanceEditor.dll (API version 3944462).
LogModuleManager: Display: Found up-to-date module file ../../../Engine/Plugins/Marketplace/Substance/Binaries/Win64/UE4Editor-SubstanceSource.dll (API version 3944462).
LogModuleManager: Display: Found up-to-date module file ../../../Engine/Plugins/Marketplace/Substance/Binaries/Win64/UE4Editor-SubstanceLiveLink.dll (API version 3944462).
LogModuleManager: Display: Found up-to-date module file ../../../Engine/Plugins/2D/Paper2D/Binaries/Win64/UE4Editor-Paper2D.dll (API version 3944462).
LogModuleManager: Display: Found up-to-date module file ../../../Engine/Plugins/2D/Paper2D/Binaries/Win64/UE4Editor-Paper2DEditor.dll (API version 3944462).
LogModuleManager: Display: Found up-to-date module file ../../../Engine/Plugins/2D/Paper2D/Binaries/Win64/UE4Editor-PaperSpriteSheetImporter.dll (API version 3944462).
LogModuleManager: Display: Found up-to-date module file ../../../Engine/Plugins/2D/Paper2D/Binaries/Win64/UE4Editor-PaperTiledImporter.dll (API version 3944462).
LogModuleManager: Display: Found up-to-date module file ../../../Engine/Plugins/2D/Paper2D/Binaries/Win64/UE4Editor-SmartSnapping.dll (API version 3944462).
LogModuleManager: Display: Found up-to-date module file ../../../Engine/Plugins/Blendables/LightPropagationVolume/Binaries/Win64/UE4Editor-LightPropagationVolumeRuntime.dll (API version 3944462).
LogModuleManager: Display: Found up-to-date module file ../../../Engine/Plugins/Blendables/LightPropagationVolume/Binaries/Win64/UE4Editor-LightPropagationVolumeEditor.dll (API version 3944462).
LogModuleManager: Display: Found up-to-date module file ../../../Engine/Plugins/Developer/CLionSourceCodeAccess/Binaries/Win64/UE4Editor-CLionSourceCodeAccess.dll (API version 3944462).
LogModuleManager: Display: Found up-to-date module file ../../../Engine/Plugins/Developer/GitSourceControl/Binaries/Win64/UE4Editor-GitSourceControl.dll (API version 3944462).
LogModuleManager: Display: Found up-to-date module file ../../../Engine/Plugins/Developer/PerforceSourceControl/Binaries/Win64/UE4Editor-PerforceSourceControl.dll (API version 3944462).
LogModuleManager: Display: Found up-to-date module file ../../../Engine/Plugins/Developer/SubversionSourceControl/Binaries/Win64/UE4Editor-SubversionSourceControl.dll (API version 3944462).
LogModuleManager: Display: Found up-to-date module file ../../../Engine/Plugins/Developer/UObjectPlugin/Binaries/Win64/UE4Editor-UObjectPlugin.dll (API version 3944462).
LogModuleManager: Display: Found up-to-date module file ../../../Engine/Plugins/Developer/VisualStudioCodeSourceCodeAccess/Binaries/Win64/UE4Editor-VisualStudioCodeSourceCodeAccess.dll (API version 3944462).
LogModuleManager: Display: Found up-to-date module file ../../../Engine/Plugins/Developer/VisualStudioSourceCodeAccess/Binaries/Win64/UE4Editor-VisualStudioSourceCodeAccess.dll (API version 3944462).
LogModuleManager: Display: Found up-to-date module file ../../../Engine/Plugins/Editor/AssetManagerEditor/Binaries/Win64/UE4Editor-AssetManagerEditor.dll (API version 3944462).
LogModuleManager: Display: Found up-to-date module file ../../../Engine/Plugins/Editor/CryptoKeys/Binaries/Win64/UE4Editor-CryptoKeys.dll (API version 3944462).
LogModuleManager: Display: Found up-to-date module file ../../../Engine/Plugins/Editor/CryptoKeys/Binaries/Win64/UE4Editor-CryptoKeysOpenSSL.dll (API version 3944462).
LogModuleManager: Display: Found up-to-date module file ../../../Engine/Plugins/Editor/DataValidation/Binaries/Win64/UE4Editor-DataValidation.dll (API version 3944462).
LogModuleManager: Display: Found up-to-date module file ../../../Engine/Plugins/Editor/FacialAnimation/Binaries/Win64/UE4Editor-FacialAnimation.dll (API version 3944462).
LogModuleManager: Display: Found up-to-date module file ../../../Engine/Plugins/Editor/FacialAnimation/Binaries/Win64/UE4Editor-FacialAnimationEditor.dll (API version 3944462).
LogModuleManager: Display: Found up-to-date module file ../../../Engine/Plugins/Editor/GameplayTagsEditor/Binaries/Win64/UE4Editor-GameplayTagsEditor.dll (API version 3944462).
LogModuleManager: Display: Found up-to-date module file ../../../Engine/Plugins/Editor/MobileLauncherProfileWizard/Binaries/Win64/UE4Editor-MobileLauncherProfileWizard.dll (API version 3944462).
LogModuleManager: Display: Found up-to-date module file ../../../Engine/Plugins/Editor/PluginBrowser/Binaries/Win64/UE4Editor-PluginBrowser.dll (API version 3944462).
LogModuleManager: Display: Found up-to-date module file ../../../Engine/Plugins/Editor/SpeedTreeImporter/Binaries/Win64/UE4Editor-SpeedTreeImporter.dll (API version 3944462).
LogModuleManager: Display: Found up-to-date module file ../../../Engine/Plugins/Enterprise/DatasmithContent/Binaries/Win64/UE4Editor-DatasmithContent.dll (API version 3944462).
LogModuleManager: Display: Found up-to-date module file ../../../Engine/Plugins/Experimental/AlembicImporter/Binaries/Win64/UE4Editor-AlembicImporter.dll (API version 3944462).
LogModuleManager: Display: Found up-to-date module file ../../../Engine/Plugins/Experimental/AlembicImporter/Binaries/Win64/UE4Editor-AlembicLibrary.dll (API version 3944462).
LogModuleManager: Display: Found up-to-date module file ../../../Engine/Plugins/Experimental/CharacterAI/Binaries/Win64/UE4Editor-CharacterAI.dll (API version 3944462).
LogModuleManager: Display: Found up-to-date module file ../../../Engine/Plugins/Experimental/HTML5Networking/Binaries/Win64/UE4Editor-HTML5Networking.dll (API version 3944462).
LogModuleManager: Display: Found up-to-date module file ../../../Engine/Plugins/Media/AndroidMedia/Binaries/Win64/UE4Editor-AndroidMediaEditor.dll (API version 3944462).
LogModuleManager: Display: Found up-to-date module file ../../../Engine/Plugins/Media/AndroidMedia/Binaries/Win64/UE4Editor-AndroidMediaFactory.dll (API version 3944462).
LogModuleManager: Display: Found up-to-date module file ../../../Engine/Plugins/Media/AvfMedia/Binaries/Win64/UE4Editor-AvfMediaEditor.dll (API version 3944462).
LogModuleManager: Display: Found up-to-date module file ../../../Engine/Plugins/Media/AvfMedia/Binaries/Win64/UE4Editor-AvfMediaFactory.dll (API version 3944462).
LogModuleManager: Display: Found up-to-date module file ../../../Engine/Plugins/Media/AvfMedia/Binaries/Win64/UE4Editor-AvfMediaFactory.dll (API version 3944462).
LogModuleManager: Display: Found up-to-date module file ../../../Engine/Plugins/Media/ImgMedia/Binaries/Win64/UE4Editor-ImgMedia.dll (API version 3944462).
LogModuleManager: Display: Found up-to-date module file ../../../Engine/Plugins/Media/ImgMedia/Binaries/Win64/UE4Editor-ImgMediaEditor.dll (API version 3944462).
LogModuleManager: Display: Found up-to-date module file ../../../Engine/Plugins/Media/ImgMedia/Binaries/Win64/UE4Editor-ImgMediaFactory.dll (API version 3944462).
LogModuleManager: Display: Found up-to-date module file ../../../Engine/Plugins/Media/ImgMedia/Binaries/Win64/UE4Editor-ImgMediaFactory.dll (API version 3944462).
LogModuleManager: Display: Found up-to-date module file ../../../Engine/Plugins/Media/ImgMedia/Binaries/Win64/UE4Editor-OpenExrWrapper.dll (API version 3944462).
LogModuleManager: Display: Found up-to-date module file ../../../Engine/Plugins/Media/LinearTimecode/Binaries/Win64/UE4Editor-LinearTimecode.dll (API version 3944462).
LogModuleManager: Display: Found up-to-date module file ../../../Engine/Plugins/Media/MediaCompositing/Binaries/Win64/UE4Editor-MediaCompositing.dll (API version 3944462).
LogModuleManager: Display: Found up-to-date module file ../../../Engine/Plugins/Media/MediaCompositing/Binaries/Win64/UE4Editor-MediaCompositingEditor.dll (API version 3944462).
LogModuleManager: Display: Found up-to-date module file ../../../Engine/Plugins/Media/MediaPlayerEditor/Binaries/Win64/UE4Editor-MediaPlayerEditor.dll (API version 3944462).
LogModuleManager: Display: Found up-to-date module file ../../../Engine/Plugins/Media/WmfMedia/Binaries/Win64/UE4Editor-WmfMedia.dll (API version 3944462).
LogModuleManager: Display: Found up-to-date module file ../../../Engine/Plugins/Media/WmfMedia/Binaries/Win64/UE4Editor-WmfMediaEditor.dll (API version 3944462).
LogModuleManager: Display: Found up-to-date module file ../../../Engine/Plugins/Media/WmfMedia/Binaries/Win64/UE4Editor-WmfMediaFactory.dll (API version 3944462).
LogModuleManager: Display: Found up-to-date module file ../../../Engine/Plugins/Media/WmfMedia/Binaries/Win64/UE4Editor-WmfMediaFactory.dll (API version 3944462).
LogModuleManager: Display: Found up-to-date module file ../../../Engine/Plugins/Messaging/TcpMessaging/Binaries/Win64/UE4Editor-TcpMessaging.dll (API version 3944462).
LogModuleManager: Display: Found up-to-date module file ../../../Engine/Plugins/Messaging/UdpMessaging/Binaries/Win64/UE4Editor-UdpMessaging.dll (API version 3944462).
LogModuleManager: Display: Found up-to-date module file ../../../Engine/Plugins/MovieScene/ActorSequence/Binaries/Win64/UE4Editor-ActorSequence.dll (API version 3944462).
LogModuleManager: Display: Found up-to-date module file ../../../Engine/Plugins/MovieScene/LevelSequenceEditor/Binaries/Win64/UE4Editor-LevelSequenceEditor.dll (API version 3944462).
LogModuleManager: Display: Found up-to-date module file ../../../Engine/Plugins/MovieScene/MatineeToLevelSequence/Binaries/Win64/UE4Editor-MatineeToLevelSequence.dll (API version 3944462).
LogModuleManager: Display: Found up-to-date module file ../../../Engine/Plugins/NetcodeUnitTest/NetcodeUnitTest/Binaries/Win64/UE4Editor-NetcodeUnitTest.dll (API version 3944462).
LogModuleManager: Display: Found up-to-date module file ../../../Engine/Plugins/NetcodeUnitTest/NUTUnrealEngine4/Binaries/Win64/UE4Editor-NUTUnrealEngine4.dll (API version 3944462).
LogModuleManager: Display: Found up-to-date module file ../../../Engine/Plugins/Online/OnlineSubsystem/Binaries/Win64/UE4Editor-OnlineSubsystem.dll (API version 3944462).
LogModuleManager: Display: Found up-to-date module file ../../../Engine/Plugins/Runtime/AndroidPermission/Binaries/Win64/UE4Editor-AndroidPermission.dll (API version 3944462).
LogModuleManager: Display: Found up-to-date module file ../../../Engine/Plugins/Online/OnlineSubsystemNull/Binaries/Win64/UE4Editor-OnlineSubsystemNull.dll (API version 3944462).
LogModuleManager: Display: Found up-to-date module file ../../../Engine/Plugins/Online/OnlineSubsystemUtils/Binaries/Win64/UE4Editor-OnlineSubsystemUtils.dll (API version 3944462).
LogModuleManager: Display: Found up-to-date module file ../../../Engine/Plugins/Online/OnlineSubsystemUtils/Binaries/Win64/UE4Editor-OnlineBlueprintSupport.dll (API version 3944462).
LogModuleManager: Display: Found up-to-date module file ../../../Engine/Plugins/Runtime/AndroidDeviceProfileSelector/Binaries/Win64/UE4Editor-AndroidDeviceProfileSelector.dll (API version 3944462).
LogModuleManager: Display: Found up-to-date module file ../../../Engine/Plugins/Runtime/AppleARKit/Binaries/Win64/UE4Editor-AppleARKit.dll (API version 3944462).
LogModuleManager: Display: Found up-to-date module file ../../../Engine/Plugins/Runtime/ProceduralMeshComponent/Binaries/Win64/UE4Editor-ProceduralMeshComponent.dll (API version 3944462).
LogModuleManager: Display: Found up-to-date module file ../../../Engine/Plugins/Runtime/ProceduralMeshComponent/Binaries/Win64/UE4Editor-ProceduralMeshComponentEditor.dll (API version 3944462).
LogModuleManager: Display: Found up-to-date module file ../../../Engine/Plugins/Animation/LiveLink/Binaries/Win64/UE4Editor-LiveLink.dll (API version 3944462).
LogModuleManager: Display: Found up-to-date module file ../../../Engine/Plugins/Animation/LiveLink/Binaries/Win64/UE4Editor-LiveLinkEditor.dll (API version 3944462).
LogModuleManager: Display: Found up-to-date module file ../../../Engine/Plugins/Runtime/ArchVisCharacter/Binaries/Win64/UE4Editor-ArchVisCharacter.dll (API version 3944462).
LogModuleManager: Display: Found up-to-date module file ../../../Engine/Plugins/Runtime/AudioCapture/Binaries/Win64/UE4Editor-AudioCapture.dll (API version 3944462).
LogModuleManager: Display: Found up-to-date module file ../../../Engine/Plugins/Runtime/AudioCapture/Binaries/Win64/UE4Editor-AudioCaptureEditor.dll (API version 3944462).
LogModuleManager: Display: Found up-to-date module file ../../../Engine/Plugins/Runtime/CableComponent/Binaries/Win64/UE4Editor-CableComponent.dll (API version 3944462).
LogModuleManager: Display: Found up-to-date module file ../../../Engine/Plugins/Runtime/CustomMeshComponent/Binaries/Win64/UE4Editor-CustomMeshComponent.dll (API version 3944462).
LogModuleManager: Display: Found up-to-date module file ../../../Engine/Plugins/Runtime/ExampleDeviceProfileSelector/Binaries/Win64/UE4Editor-ExampleDeviceProfileSelector.dll (API version 3944462).
LogModuleManager: Display: Found up-to-date module file ../../../Engine/Plugins/Runtime/ImmediatePhysics/Binaries/Win64/UE4Editor-ImmediatePhysics.dll (API version 3944462).
LogModuleManager: Display: Found up-to-date module file ../../../Engine/Plugins/Runtime/ImmediatePhysics/Binaries/Win64/UE4Editor-ImmediatePhysicsEditor.dll (API version 3944462).
LogModuleManager: Display: Found up-to-date module file ../../../Engine/Plugins/Runtime/LocationServicesBPLibrary/Binaries/Win64/UE4Editor-LocationServicesBPLibrary.dll (API version 3944462).
LogModuleManager: Display: Found up-to-date module file ../../../Engine/Plugins/Runtime/MobilePatchingUtils/Binaries/Win64/UE4Editor-MobilePatchingUtils.dll (API version 3944462).
LogModuleManager: Display: Found up-to-date module file ../../../Engine/Plugins/Runtime/Oculus/OculusVR/Binaries/Win64/UE4Editor-OculusHMD.dll (API version 3944462).
LogModuleManager: Display: Found up-to-date module file ../../../Engine/Plugins/Runtime/Oculus/OculusVR/Binaries/Win64/UE4Editor-OculusInput.dll (API version 3944462).
LogModuleManager: Display: Found up-to-date module file ../../../Engine/Plugins/Runtime/Oculus/OculusVR/Binaries/Win64/UE4Editor-OculusEditor.dll (API version 3944462).
LogModuleManager: Display: Found up-to-date module file ../../../Engine/Plugins/Runtime/PhysXVehicles/Binaries/Win64/UE4Editor-PhysXVehicles.dll (API version 3944462).
LogModuleManager: Display: Found up-to-date module file ../../../Engine/Plugins/Runtime/PhysXVehicles/Binaries/Win64/UE4Editor-PhysXVehiclesEditor.dll (API version 3944462).
LogModuleManager: Display: Found up-to-date module file ../../../Engine/Plugins/Runtime/RuntimePhysXCooking/Binaries/Win64/UE4Editor-RuntimePhysXCooking.dll (API version 3944462).
LogModuleManager: Display: Found up-to-date module file ../../../Engine/Plugins/Runtime/Steam/SteamVR/Binaries/Win64/UE4Editor-SteamVR.dll (API version 3944462).
LogModuleManager: Display: Found up-to-date module file ../../../Engine/Plugins/Runtime/Steam/SteamVR/Binaries/Win64/UE4Editor-SteamVRController.dll (API version 3944462).
LogModuleManager: Display: Found up-to-date module file ../../../Engine/Plugins/Runtime/WindowsMoviePlayer/Binaries/Win64/UE4Editor-WindowsMoviePlayer.dll (API version 3944462).
LogPluginManager: Mounting plugin Paper2D
LogPluginManager: Mounting plugin LiveLink
LogPluginManager: Mounting plugin LightPropagationVolume
LogPluginManager: Mounting plugin CLionSourceCodeAccess
LogPluginManager: Mounting plugin CodeLiteSourceCodeAccess
LogPluginManager: Mounting plugin GitSourceControl
LogPluginManager: Mounting plugin KDevelopSourceCodeAccess
LogPluginManager: Mounting plugin NullSourceCodeAccess
LogPluginManager: Mounting plugin PerforceSourceControl
LogPluginManager: Mounting plugin SubversionSourceControl
LogPluginManager: Mounting plugin UObjectPlugin
LogPluginManager: Mounting plugin VisualStudioCodeSourceCodeAccess
LogPluginManager: Mounting plugin VisualStudioSourceCodeAccess
LogPluginManager: Mounting plugin XCodeSourceCodeAccess
LogPluginManager: Mounting plugin AssetManagerEditor
LogPluginManager: Mounting plugin CryptoKeys
LogPluginManager: Mounting plugin DataValidation
LogPluginManager: Mounting plugin FacialAnimation
LogPluginManager: Mounting plugin GameplayTagsEditor
LogPluginManager: Mounting plugin MobileLauncherProfileWizard
LogPluginManager: Mounting plugin PluginBrowser
LogPluginManager: Mounting plugin SpeedTreeImporter
LogPluginManager: Mounting plugin DatasmithContent
LogPluginManager: Mounting plugin AlembicImporter
LogPluginManager: Mounting plugin CharacterAI
LogPluginManager: Mounting plugin HTML5Networking
LogPluginManager: Mounting plugin Substance
LogPluginManager: Mounting plugin AndroidMedia
LogPluginManager: Mounting plugin AvfMedia
LogPluginManager: Mounting plugin ImgMedia
LogPluginManager: Mounting plugin LinearTimecode
LogPluginManager: Mounting plugin MediaCompositing
LogPluginManager: Mounting plugin MediaPlayerEditor
LogPluginManager: Mounting plugin WmfMedia
LogPluginManager: Mounting plugin TcpMessaging
LogPluginManager: Mounting plugin UdpMessaging
LogPluginManager: Mounting plugin ActorSequence
LogPluginManager: Mounting plugin LevelSequenceEditor
LogPluginManager: Mounting plugin MatineeToLevelSequence
LogPluginManager: Mounting plugin NetcodeUnitTest
LogPluginManager: Mounting plugin NUTUnrealEngine4
LogPluginManager: Mounting plugin OnlineSubsystemGooglePlay
LogPluginManager: Mounting plugin OnlineSubsystemIOS
LogPluginManager: Mounting plugin OnlineSubsystem
LogPluginManager: Mounting plugin OnlineSubsystemNull
LogPluginManager: Mounting plugin OnlineSubsystemUtils
LogPluginManager: Mounting plugin AndroidDeviceProfileSelector
LogPluginManager: Mounting plugin AndroidMoviePlayer
LogPluginManager: Mounting plugin AndroidPermission
LogPluginManager: Mounting plugin AppleARKit
LogPluginManager: Mounting plugin AppleMoviePlayer
LogPluginManager: Mounting plugin ArchVisCharacter
LogPluginManager: Mounting plugin AudioCapture
LogPluginManager: Mounting plugin CableComponent
LogPluginManager: Mounting plugin CustomMeshComponent
LogPluginManager: Mounting plugin ExampleDeviceProfileSelector
LogPluginManager: Mounting plugin GoogleCloudMessaging
LogPluginManager: Mounting plugin ImmediatePhysics
LogPluginManager: Mounting plugin IOSDeviceProfileSelector
LogPluginManager: Mounting plugin LinuxDeviceProfileSelector
LogPluginManager: Mounting plugin LocationServicesBPLibrary
LogPluginManager: Mounting plugin MobilePatchingUtils
LogPluginManager: Mounting plugin OculusVR
LogPluginManager: Plugin shader directory ../../../Engine/Plugins/Runtime/Oculus/OculusVR/Shaders found
LogPluginManager: Mapping shader source directory ../../../Engine/Plugins/Runtime/Oculus/OculusVR/Shaders to virtual directory /Plugin/OculusVR
LogPluginManager: Mounting plugin PhysXVehicles
LogPluginManager: Mounting plugin ProceduralMeshComponent
LogPluginManager: Mounting plugin RuntimePhysXCooking
LogPluginManager: Mounting plugin SteamVR
LogPluginManager: Mounting plugin WindowsMoviePlayer
LogStreaming: Display: Took  0.844s to configure plugins.
LogInit: Using libcurl 7.47.1
LogInit:  - built for x86_64-pc-win32
LogInit:  - supports SSL with OpenSSL/1.0.2g
LogInit:  - supports HTTP deflate (compression) using libz 1.2.8
LogInit:  - other features:
LogInit:      CURL_VERSION_SSL
LogInit:      CURL_VERSION_LIBZ
LogInit:      CURL_VERSION_IPV6
LogInit:      CURL_VERSION_ASYNCHDNS
LogInit:      CURL_VERSION_LARGEFILE
LogInit:      CURL_VERSION_IDN
LogInit:  CurlRequestOptions (configurable via config and command line):
LogInit:  - bVerifyPeer = false  - Libcurl will NOT verify peer certificate
LogInit:  - bUseHttpProxy = false  - Libcurl will NOT use HTTP proxy
LogInit:  - bDontReuseConnections = false  - Libcurl will reuse connections
LogInit:  - CertBundlePath = nullptr  - Libcurl will use whatever was configured at build time.
LogInit:  - MaxHostConnections = 16  - Libcurl will limit the number of connections to a host
LogInit:  - LocalHostAddr = Default
LogInit: WinSock: version 1.1 (2.2), MaxSocks=32767, MaxUdp=65467
LogInit: WinSock: I am Andy-PC (192.168.1.64:0)
LogInit: Build: ++UE4+Release-4.19-CL-4033788
LogInit: Engine Version: 4.19.2-4033788+++UE4+Release-4.19
LogInit: Compatible Engine Version: 4.19.0-3944462+++UE4+Release-4.19
LogInit: Net CL: 3944462
LogDevObjectVersion: Number of dev versions registered: 18
LogDevObjectVersion:   Dev-Blueprints (B0D832E4-1F89-4F0D-ACCF-7EB736FD4AA2): 10
LogDevObjectVersion:   Dev-Build (E1C64328-A22C-4D53-A36C-8E866417BD8C): 0
LogDevObjectVersion:   Dev-Core (375EC13C-06E4-48FB-B500-84F0262A717E): 2
LogDevObjectVersion:   Dev-Editor (E4B068ED-F494-42E9-A231-DA0B2E46BB41): 23
LogDevObjectVersion:   Dev-Framework (CFFC743F-43B0-4480-9391-14DF171D2073): 33
LogDevObjectVersion:   Dev-Mobile (B02B49B5-BB20-44E9-A304-32B752E40360): 2
LogDevObjectVersion:   Dev-Networking (A4E4105C-59A1-49B5-A7C5-40C4547EDFEE): 0
LogDevObjectVersion:   Dev-Online (39C831C9-5AE6-47DC-9A44-9C173E1C8E7C): 0
LogDevObjectVersion:   Dev-Physics (78F01B33-EBEA-4F98-B9B4-84EACCB95AA2): 0
LogDevObjectVersion:   Dev-Platform (6631380F-2D4D-43E0-8009-CF276956A95A): 0
LogDevObjectVersion:   Dev-Rendering (12F88B9F-8875-4AFC-A67C-D90C383ABD29): 25
LogDevObjectVersion:   Dev-Sequencer (7B5AE74C-D270-4C10-A958-57980B212A5A): 6
LogDevObjectVersion:   Dev-VR (D7296918-1DD6-4BDD-9DE2-64A83CC13884): 1
LogDevObjectVersion:   Dev-LoadTimes (C2A15278-BFE7-4AFE-6C17-90FF531DF755): 1
LogDevObjectVersion:   Private-Geometry (6EACA3D4-40EC-4CC1-B786-8BED09428FC5): 2
LogDevObjectVersion:   Dev-AnimPhys (29E575DD-E0A3-4627-9D10-D276232CDCEA): 16
LogDevObjectVersion:   Dev-ReflectionCapture (6B266CEC-1EC7-4B8F-A30B-E4D90942FC07): 1
LogDevObjectVersion:   Dev-Automation (0DF73D61-A23F-47EA-B727-89E90C41499A): 1
LogInit: Compiled (64-bit): Apr 27 2018 02:06:57
LogInit: Compiled with Visual C++: 19.00.24215.01
LogInit: Build Configuration: Development
LogInit: Branch Name: ++UE4+Release-4.19
LogInit: Command Line: -EpicPortal  -epicusername="Tul_" -epicuserid=26b5a83ec711435b84b795af7fa5bc38 -epiclocale=en-US
LogInit: Base Directory: c:/games/UTdev/UE_4.19/Engine/Binaries/Win64/
LogInit: Installed Engine Build: 1
LogStreaming: Display: Took  0.001s to delete old logs.
LogInit: Presizing for max 8388607 objects, including 0 objects not considered by GC, pre-allocating 0 bytes for permanent pool.
LogInit: Object subsystem initialized
[2018.10.21-17.12.29:628][  0]LogInit: Selected Device Profile: [Windows]
[2018.10.21-17.12.29:628][  0]LogInit: Applying CVar settings loaded from the selected device profile: [Windows]
[2018.10.21-17.12.29:644][  0]LogInit: Computer: ANDY-PC
[2018.10.21-17.12.29:644][  0]LogInit: User: Andy
[2018.10.21-17.12.29:644][  0]LogInit: CPU Page size=4096, Cores=4
[2018.10.21-17.12.29:644][  0]LogInit: High frequency timer resolution =3.311992 MHz
[2018.10.21-17.12.29:644][  0]LogMemory: Memory total: Physical=16.0GB (16GB approx)
[2018.10.21-17.12.29:644][  0]LogMemory: Platform Memory Stats for Windows
[2018.10.21-17.12.29:644][  0]LogMemory: Process Physical Memory: 278.66 MB used, 278.66 MB peak
[2018.10.21-17.12.29:644][  0]LogMemory: Process Virtual Memory: 283.69 MB used, 283.69 MB peak
[2018.10.21-17.12.29:644][  0]LogMemory: Physical Memory: 9129.99 MB used,  7236.32 MB free, 16366.31 MB total
[2018.10.21-17.12.29:644][  0]LogMemory: Virtual Memory: 652.47 MB used,  7236.32 MB free, 8388608.00 MB total
[2018.10.21-17.12.29:670][  0]LogInit: Using OS detected language (en-US).
[2018.10.21-17.12.29:670][  0]LogInit: Using OS detected locale (en-US).
[2018.10.21-17.12.29:673][  0]LogTextLocalizationManager: No specific localization for 'en-US' exists, so the 'en' localization will be used.
[2018.10.21-17.12.30:161][  0]LogStreaming: Display: Took  0.491s to EndInitTextLocalization.
[2018.10.21-17.12.30:162][  0]LogWindows: Failed to load 'shcore.dll' (GetLastError=126)
[2018.10.21-17.12.30:162][  0]LogWindows: File 'shcore.dll' does not exist
[2018.10.21-17.12.30:162][  0]LogInit: Setting process to DPI aware
[2018.10.21-17.12.30:167][  0]LogWindows: Failed to load 'shcore.dll' (GetLastError=126)
[2018.10.21-17.12.30:167][  0]LogWindows: File 'shcore.dll' does not exist
[2018.10.21-17.12.30:167][  0]LogInit: Setting process to DPI aware
[2018.10.21-17.12.30:225][  0]LogSlate: New Slate User Created.  User Index 0, Is Virtual User: 0
[2018.10.21-17.12.30:225][  0]LogSlate: Slate User Registered.  User Index 0, Is Virtual User: 0
[2018.10.21-17.12.30:465][  0]LogD3D11RHI: D3D11 adapters:
[2018.10.21-17.12.30:498][  0]LogD3D11RHI:    0. 'NVIDIA GeForce GTX 970' (Feature Level 11_0)
[2018.10.21-17.12.30:498][  0]LogD3D11RHI:       3992/0/7927 MB DedicatedVideo/DedicatedSystem/SharedSystem, Outputs:2, VendorId:0x10de
[2018.10.21-17.12.30:498][  0]LogD3D11RHI: Chosen D3D11 Adapter: 0
[2018.10.21-17.12.30:508][  0]LogD3D11RHI: Creating new Direct3DDevice
[2018.10.21-17.12.30:508][  0]LogD3D11RHI:     GPU DeviceId: 0x13c2 (for the marketing name, search the web for "GPU Device Id")
[2018.10.21-17.12.30:508][  0]LogWindows: EnumDisplayDevices:
[2018.10.21-17.12.30:509][  0]LogWindows:    0. 'NVIDIA GeForce GTX 970' (P:0 D:1)
[2018.10.21-17.12.30:509][  0]LogWindows:    1. 'NVIDIA GeForce GTX 970' (P:1 D:1)
[2018.10.21-17.12.30:509][  0]LogWindows:    2. 'NVIDIA GeForce GTX 970' (P:0 D:0)
[2018.10.21-17.12.30:510][  0]LogWindows:    3. 'NVIDIA GeForce GTX 970' (P:0 D:0)
[2018.10.21-17.12.30:510][  0]LogWindows:    4. 'RDPDD Chained DD' (P:0 D:0)
[2018.10.21-17.12.30:510][  0]LogWindows:    5. 'RDP Encoder Mirror Driver' (P:0 D:0)
[2018.10.21-17.12.30:510][  0]LogWindows:    6. 'RDP Reflector Display Driver' (P:0 D:0)
[2018.10.21-17.12.30:510][  0]LogWindows: DebugString: GetVideoDriverDetailsInvalid PrimaryIsNotTheChoosenAdapter GetVideoDriverDetailsInvalid PrimaryIsNotTheChoosenAdapter GetVideoDriverDetailsInvalid PrimaryIsNotTheChoosenAdapter FoundDriverCount:4 
[2018.10.21-17.12.30:510][  0]LogD3D11RHI:     Adapter Name: NVIDIA GeForce GTX 970
[2018.10.21-17.12.30:510][  0]LogD3D11RHI:   Driver Version: 399.07 (internal:24.21.13.9907, unified:399.07)
[2018.10.21-17.12.30:510][  0]LogD3D11RHI:      Driver Date: 8-21-2018
[2018.10.21-17.12.30:510][  0]LogRHI: Texture pool is 2794 MB (70% of 3992 MB)
[2018.10.21-17.12.30:523][  0]LogD3D11RHI: [Aftermath] Aftermath enabled and primed
[2018.10.21-17.12.30:523][  0]LogD3D11RHI: [Aftermath] Aftermath enabled and primed
[2018.10.21-17.12.30:523][  0]LogD3D11RHI: Async texture creation enabled
[2018.10.21-17.12.30:547][  0]LogD3D11RHI: GPU Timing Frequency: 1000.000000 (Debug: 2 2)
[2018.10.21-17.12.30:551][  0]LogShaderCompilers: Guid format shader working directory is -44 characters bigger than the processId version (../../../../../../1.3D Stuff/1.Game Projects/Neon_Abkan/Abkan_NeonCity/Neon_Abkan_Unreal/Intermediate/Shaders/WorkingDirectory/38408/).
[2018.10.21-17.12.30:551][  0]LogShaderCompilers: Cleaned the shader compiler working directory 'C:/Users/Andy/AppData/Local/Temp/UnrealShaderWorkingDir/8780A8ED44BB203FD8D41989D54C7AE8/'.
[2018.10.21-17.12.30:778][  0]LogTemp: Display: Loaded TP AllDesktopTargetPlatform
[2018.10.21-17.12.30:795][  0]LogTemp: Display: Loaded TP MacClientTargetPlatform
[2018.10.21-17.12.30:811][  0]LogTemp: Display: Loaded TP MacNoEditorTargetPlatform
[2018.10.21-17.12.30:828][  0]LogTemp: Display: Loaded TP MacServerTargetPlatform
[2018.10.21-17.12.30:845][  0]LogTemp: Display: Loaded TP MacTargetPlatform
[2018.10.21-17.12.30:863][  0]LogTemp: Display: Loaded TP WindowsClientTargetPlatform
[2018.10.21-17.12.30:880][  0]LogTemp: Display: Loaded TP WindowsNoEditorTargetPlatform
[2018.10.21-17.12.30:897][  0]LogTemp: Display: Loaded TP WindowsServerTargetPlatform
[2018.10.21-17.12.30:903][  0]LogTemp: Display: Loaded TP WindowsTargetPlatform
[2018.10.21-17.12.30:919][  0]LogTemp: Display: Loaded TP Android_ASTCTargetPlatform
[2018.10.21-17.12.30:935][  0]LogTemp: Display: Loaded TP Android_ATCTargetPlatform
[2018.10.21-17.12.30:952][  0]LogTemp: Display: Loaded TP Android_DXTTargetPlatform
[2018.10.21-17.12.30:967][  0]LogTemp: Display: Loaded TP Android_ETC1aTargetPlatform
[2018.10.21-17.12.30:983][  0]LogTemp: Display: Loaded TP Android_ETC1TargetPlatform
[2018.10.21-17.12.30:998][  0]LogTemp: Display: Loaded TP Android_ETC2TargetPlatform
[2018.10.21-17.12.31:030][  0]LogTemp: Display: Loaded TP Android_MultiTargetPlatform
[2018.10.21-17.12.31:030][  0]LogTemp: Display: Loaded TP Android_PVRTCTargetPlatform
[2018.10.21-17.12.31:046][  0]LogTemp: Display: Loaded TP AndroidTargetPlatform
[2018.10.21-17.12.31:048][  0]LogTemp: Display: Loaded TP HTML5TargetPlatform
[2018.10.21-17.12.31:086][  0]LogTemp: Display: Loaded TP IOSTargetPlatform
[2018.10.21-17.12.31:100][  0]LogTemp: Display: Loaded TP TVOSTargetPlatform
[2018.10.21-17.12.31:115][  0]LogTemp: Display: Loaded TP LinuxClientTargetPlatform
[2018.10.21-17.12.31:130][  0]LogTemp: Display: Loaded TP LinuxNoEditorTargetPlatform
[2018.10.21-17.12.31:144][  0]LogTemp: Display: Loaded TP LinuxServerTargetPlatform
[2018.10.21-17.12.31:160][  0]LogTemp: Display: Loaded TP LinuxTargetPlatform
[2018.10.21-17.12.31:160][  0]LogTargetPlatformManager: Display: Building Assets For Windows
[2018.10.21-17.12.31:255][  0]LogXGEController: Cannot use XGE Controller as Incredibuild is not installed on this machine.
[2018.10.21-17.12.31:255][  0]LogShaderCompilers: Cannot use XGE Shader Compiler as Incredibuild is not installed on this machine.
[2018.10.21-17.12.31:255][  0]LogShaderCompilers: Display: Using Local Shader Compiler.
[2018.10.21-17.12.32:128][  0]LogDerivedDataCache: Display: Max Cache Size: 512 MB
[2018.10.21-17.12.32:239][  0]LogDerivedDataCache: Loaded boot cache 0.11s 75MB C:/Users/Andy/AppData/Local/UnrealEngine/4.19/DerivedDataCache/Boot.ddc.
[2018.10.21-17.12.32:239][  0]LogDerivedDataCache: Display: Loaded Boot cache: C:/Users/Andy/AppData/Local/UnrealEngine/4.19/DerivedDataCache/Boot.ddc
[2018.10.21-17.12.32:239][  0]LogDerivedDataCache: FDerivedDataBackendGraph:  Pak pak cache file ../../../../../../1.3D Stuff/1.Game Projects/Neon_Abkan/Abkan_NeonCity/Neon_Abkan_Unreal/DerivedDataCache/DDC.ddp not found, will not use a pak cache.
[2018.10.21-17.12.32:239][  0]LogDerivedDataCache: Unable to find inner node Pak for hierarchical cache Hierarchy.
[2018.10.21-17.12.32:239][  0]LogDerivedDataCache: FDerivedDataBackendGraph:  CompressedPak pak cache file ../../../../../../1.3D Stuff/1.Game Projects/Neon_Abkan/Abkan_NeonCity/Neon_Abkan_Unreal/DerivedDataCache/Compressed.ddp not found, will not use a pak cache.
[2018.10.21-17.12.32:240][  0]LogDerivedDataCache: Unable to find inner node CompressedPak for hierarchical cache Hierarchy.
[2018.10.21-17.12.32:261][  0]LogDerivedDataCache: Display: Pak cache opened for reading ../../../Engine/DerivedDataCache/Compressed.ddp.
[2018.10.21-17.12.32:272][  0]LogDerivedDataCache: Using Local data cache path C:/Users/Andy/AppData/Local/UnrealEngine/Common/DerivedDataCache: Writable
[2018.10.21-17.12.32:272][  0]LogDerivedDataCache: Shared data cache path not found in *engine.ini, will not use an Shared cache.
[2018.10.21-17.12.32:272][  0]LogDerivedDataCache: Unable to find inner node Shared for hierarchical cache Hierarchy.
[2018.10.21-17.12.32:287][  0]LogMaterial: Verifying Global Shaders for PCD3D_SM5
[2018.10.21-17.12.32:288][  0]LogSlate: Using Freetype 2.6.0
[2018.10.21-17.12.32:288][  0]LogSlate: SlateFontCache - WITH_FREETYPE: 1, WITH_HARFBUZZ: 1
[2018.10.21-17.12.32:288][  0]LogSlate: SlateFontCache - WITH_FREETYPE: 1, WITH_HARFBUZZ: 1
[2018.10.21-17.12.32:421][  0]LogAssetRegistry: FAssetRegistry took 0.0252 seconds to start up
[2018.10.21-17.12.32:940][  0]LogInit: Selected Device Profile: [Windows]
[2018.10.21-17.12.33:136][  0]LogSimplygon: Simplygon DLL not present - disabling.
[2018.10.21-17.12.33:138][  0]LogMeshReduction: Using SimplygonSwarm for distributed automatic mesh merging
[2018.10.21-17.12.33:138][  0]LogMeshReduction: Using QuadricMeshReduction for automatic static mesh reduction
[2018.10.21-17.12.33:138][  0]LogMeshReduction: No automatic skeletal mesh reduction module available
[2018.10.21-17.12.33:138][  0]LogMeshReduction: No automatic mesh merging module available
[2018.10.21-17.12.33:138][  0]LogMeshMerging: No automatic mesh merging module available
[2018.10.21-17.12.33:177][  0]LogNetVersion: Assassination , NetCL: 3944462, EngineNetVer: 2, GameNetVer: 0 (Checksum: 813570700)
[2018.10.21-17.12.33:799][  0]LogPackageLocalizationCache: Processed 9 localized package path(s) for 2 prioritized culture(s) in 0.108040 seconds
[2018.10.21-17.12.33:807][  0]LogUObjectArray: 36728 objects as part of root set at end of initial load.
[2018.10.21-17.12.33:807][  0]LogUObjectAllocator: 7314312 out of 0 bytes used by permanent object pool.
[2018.10.21-17.12.33:807][  0]LogUObjectArray: CloseDisregardForGC: 0/0 objects in disregard for GC pool
[2018.10.21-17.12.35:706][  0]LogSubstanceCoreModule: Substance [CPU] Engine Loaded, Max Texture Size = 2048
[2018.10.21-17.12.35:724][  0]LogTcpMessaging: Initializing TcpMessaging bridge
[2018.10.21-17.12.35:749][  0]LogUdpMessaging: Initializing bridge on interface 0.0.0.0:0 to multicast group 230.0.0.1:6666.
[2018.10.21-17.12.36:058][  0]SourceControl: Source control is disabled
[2018.10.21-17.12.36:058][  0]SourceControl: Source control is disabled
[2018.10.21-17.12.36:074][  0]SourceControl: Source control is disabled
[2018.10.21-17.12.36:089][  0]SourceControl: Source control is disabled
[2018.10.21-17.12.36:498][  0]LogAndroidPermission: UAndroidPermissionCallbackProxy::GetInstance
[2018.10.21-17.12.36:647][  0]LogOcInput: OculusInput pre-init called
[2018.10.21-17.12.36:893][  0]LogEngine: Initializing Engine...
[2018.10.21-17.12.36:894][  0]LogHMD: Failed to initialize OpenVR with code 110
[2018.10.21-17.12.36:896][  0]LogStats: UGameplayTagsManager::ConstructGameplayTagTree: Construct from data asset -  0.000 s
[2018.10.21-17.12.36:896][  0]LogStats: UGameplayTagsManager::ConstructGameplayTagTree: GameplayTagTreeChangedEvent.Broadcast -  0.000 s
[2018.10.21-17.12.37:221][  0]LogAIModule: Creating AISystem for world Untitled
[2018.10.21-17.12.37:250][  0]LogInit: XAudio2 using 'Speakers (Realtek High Definition Audio)' : 2 channels at 48 kHz using 32 bits per sample (channel mask 0x3)
[2018.10.21-17.12.37:262][  0]LogInit: FAudioDevice initialized.
[2018.10.21-17.12.37:427][  0]LogDerivedDataCache: Saved boot cache 0.16s 75MB C:/Users/Andy/AppData/Local/UnrealEngine/4.19/DerivedDataCache/Boot.ddc.
[2018.10.21-17.12.37:445][  0]LogInit: Texture streaming: Enabled
[2018.10.21-17.12.37:459][  0]LogEngineSessionManager: EngineSessionManager initialized
[2018.10.21-17.12.37:476][  0]LogInit: Transaction tracking system initialized
[2018.10.21-17.12.37:493][  0]BlueprintLog: New page: Editor Load
[2018.10.21-17.12.37:551][  0]LocalizationService: Localization service is disabled
[2018.10.21-17.12.37:949][  0]LogConsoleResponse: Display: 
[2018.10.21-17.12.38:165][  0]LogCook: Display: Max memory allowance for cook 16384mb min free memory 0mb
[2018.10.21-17.12.38:165][  0]LogCook: Display: Mobile HDR setting 1
[2018.10.21-17.12.38:165][  0]LogGameplayTags: Display: UGameplayTagsManager::DoneAddingNativeTags. DelegateIsBound: 0
[2018.10.21-17.12.38:165][  0]LogStats: UGameplayTagsManager::ConstructGameplayTagTree: Construct from data asset -  0.000 s
[2018.10.21-17.12.38:165][  0]LogStats: UGameplayTagsManager::ConstructGameplayTagTree: GameplayTagTreeChangedEvent.Broadcast -  0.000 s
[2018.10.21-17.12.38:503][  0]LogFileCache: Scanning file cache for directory 'c:/1.3D Stuff/1.Game Projects/Neon_Abkan/Abkan_NeonCity/Neon_Abkan_Unreal/Content/' took 0.01s
[2018.10.21-17.12.38:503][  0]SourceControl: Source control is disabled
[2018.10.21-17.12.38:503][  0]Cmd: MAP LOAD FILE="../../../../../../1.3D Stuff/1.Game Projects/Neon_Abkan/Abkan_NeonCity/Neon_Abkan_Unreal/Content/Levels/Untitled.umap" TEMPLATE=0 SHOWPROGRESS=1 FEATURELEVEL=3
[2018.10.21-17.12.38:503][  0]LogEditorServer: Warning: Can't find file '../../../../../../1.3D Stuff/1.Game Projects/Neon_Abkan/Abkan_NeonCity/Neon_Abkan_Unreal/Content/Levels/Untitled.umap'
[2018.10.21-17.12.38:503][  0]Cmd: MAP CHECKDEP NOCLEARLOG
[2018.10.21-17.12.38:554][  0]MapCheck: Map check complete: 0 Error(s), 0 Warning(s), took 51.037ms to complete.
[2018.10.21-17.12.38:554][  0]LogFileHelpers: Loading map 'Untitled' took 0.051
[2018.10.21-17.12.38:689][  0]LogCollectionManager: Loaded 0 collections in 0.001229 seconds
[2018.10.21-17.12.38:732][  0]LogFileCache: Scanning file cache for directory 'c:/1.3D Stuff/1.Game Projects/Neon_Abkan/Abkan_NeonCity/Neon_Abkan_Unreal/Saved/Collections/' took 0.01s
[2018.10.21-17.12.38:733][  0]LogFileCache: Scanning file cache for directory 'c:/1.3D Stuff/1.Game Projects/Neon_Abkan/Abkan_NeonCity/Neon_Abkan_Unreal/Content/Developers/Andy/Collections/' took 0.01s
[2018.10.21-17.12.38:733][  0]LogFileCache: Scanning file cache for directory 'c:/1.3D Stuff/1.Game Projects/Neon_Abkan/Abkan_NeonCity/Neon_Abkan_Unreal/Content/Collections/' took 0.01s
[2018.10.21-17.12.38:733][  0]LogCollectionManager: Rebuilt the GUID cache for 0 collections in 0.000000 seconds
[2018.10.21-17.12.38:744][  0]LogContentBrowser: Native class hierarchy populated in 0.0116 seconds. Added 2467 classes and 566 folders.
[2018.10.21-17.12.38:750][  0]LogContentBrowser: Native class hierarchy updated for 'WidgetCarousel' in 0.0002 seconds. Added 0 classes and 0 folders.
[2018.10.21-17.12.38:800][  0]LogContentBrowser: Native class hierarchy updated for 'AddContentDialog' in 0.0002 seconds. Added 0 classes and 0 folders.
[2018.10.21-17.12.38:884][  0]LogSlate: Took 0.000205 seconds to synchronously load lazily loaded font '../../../Engine/Content/Slate/Fonts/Roboto-Regular.ttf' (155K)
[2018.10.21-17.12.38:889][  0]LogSlate: Took 0.000404 seconds to synchronously load lazily loaded font '../../../Engine/Content/Slate/Fonts/Roboto-Bold.ttf' (160K)
[2018.10.21-17.12.38:893][  0]LogSlate: Took 0.000217 seconds to synchronously load lazily loaded font '../../../Engine/Content/Editor/Slate/Fonts/FontAwesome.ttf' (139K)
[2018.10.21-17.12.39:004][  0]LogRenderer: Reallocating scene render targets to support 1208x608 Format 10 NumSamples 1 (Frame:1).
[2018.10.21-17.12.39:199][  0]LogContentBrowser: Native class hierarchy updated for 'HierarchicalLODOutliner' in 0.0004 seconds. Added 0 classes and 0 folders.
[2018.10.21-17.12.39:199][  0]LogLoad: (Engine Initialization) Total time: 12.38 seconds
[2018.10.21-17.12.39:199][  0]LogLoad: (Engine Initialization) Total Blueprint compile time: 0.00 seconds
[2018.10.21-17.12.39:226][  0]LogContentStreaming: Texture pool size now 1000 MB
[2018.10.21-17.12.39:253][  1]LogSubstanceLiveLink: Warning: Unable to send data along socket, closing connection
[2018.10.21-17.12.39:422][  2]LogAssetRegistry: Asset discovery search completed in 7.0223 seconds
[2018.10.21-17.12.39:425][  2]LogCollectionManager: Rebuilt the object cache for 0 collections in 0.000000 seconds (found 0 objects)
[2018.10.21-17.12.39:425][  2]LogCollectionManager: Fixed up redirectors for 0 collections in 0.000062 seconds (updated 0 objects)
[2018.10.21-17.12.43:435][204]LogSlate: Took 0.000148 seconds to synchronously load lazily loaded font '../../../Engine/Content/Slate/Fonts/Roboto-Light.ttf' (167K)
[2018.10.21-17.13.15:862][301]LogSlate: FSceneViewport::OnFocusLost() reason 0
[2018.10.21-17.13.55:944][  9]LogSlate: Took 0.000356 seconds to synchronously load lazily loaded font '../../../Engine/Content/Slate/Fonts/Roboto-Light.ttf' (167K)
[2018.10.21-17.13.55:974][  9]LogUObjectGlobals: Created PersistentFrame Addr=0x000000002a0dd300, Size=296, Default__ThirdPersonCharacter_C Function /Game/Blueprints/ThirdPersonBP/Blueprints/ThirdPersonCharacter.ThirdPersonCharacter_C:ExecuteUbergraph_ThirdPersonCharacter
[2018.10.21-17.13.55:982][  9]LogUObjectGlobals: Destroyed PersistentFrame Addr=0x000000002a0dd300, Size=296
[2018.10.21-17.13.55:982][  9]LogUObjectGlobals: Created PersistentFrame Addr=0x000000002a0dd300, Size=296, Default__ThirdPersonCharacter_C Function /Engine/Transient.REINST_ThirdPersonCharacter_C_1:ExecuteUbergraph_ThirdPersonCharacter
[2018.10.21-17.13.55:990][  9]LogUObjectGlobals: Created PersistentFrame Addr=0x000000002a0dec00, Size=296, Default__ThirdPersonCharacter_C Function /Game/Blueprints/ThirdPersonBP/Blueprints/ThirdPersonCharacter.ThirdPersonCharacter_C:ExecuteUbergraph_ThirdPersonCharacter
[2018.10.21-17.13.56:102][  9]LogLinker: Warning: Can't find file '/Game/StarterContent/Materials/M_Concrete_Poured'
[2018.10.21-17.13.56:102][  9]LogLinker: Warning: Can't find file for asset '/Game/StarterContent/Materials/M_Concrete_Poured' while loading ../../../../../../1.3D Stuff/1.Game Projects/Neon_Abkan/Abkan_NeonCity/Neon_Abkan_Unreal/Content/Meshes/BuildingParts/Wall_Corner_WidowsPain_03.uasset.
[2018.10.21-17.13.56:102][  9]LoadErrors: Error: /Game/Meshes/BuildingParts/Wall_Corner_WidowsPain_03 : Can't find file for asset. /Game/StarterContent/Materials/M_Concrete_Poured
[2018.10.21-17.13.56:102][  9]LogLinker: Warning: Can't find file '/Game/StarterContent/Materials/M_Wood_Oak'
[2018.10.21-17.13.56:102][  9]LogLinker: Warning: Can't find file for asset '/Game/StarterContent/Materials/M_Wood_Oak' while loading ../../../../../../1.3D Stuff/1.Game Projects/Neon_Abkan/Abkan_NeonCity/Neon_Abkan_Unreal/Content/Meshes/BuildingParts/Wall_Corner_WidowsPain_03.uasset.
[2018.10.21-17.13.56:102][  9]LoadErrors: Error: /Game/Meshes/BuildingParts/Wall_Corner_WidowsPain_03 : Can't find file for asset. /Game/StarterContent/Materials/M_Wood_Oak
[2018.10.21-17.13.56:102][  9]LogLinker: Warning: Can't find file '/Game/StarterContent/Materials/M_Concrete_Poured'
[2018.10.21-17.13.56:102][  9]LogLinker: Warning: Can't find file for asset '/Game/StarterContent/Materials/M_Concrete_Poured' while loading ../../../../../../1.3D Stuff/1.Game Projects/Neon_Abkan/Abkan_NeonCity/Neon_Abkan_Unreal/Content/Meshes/BuildingParts/Wall_Corner_WidowsPain_03.uasset.
[2018.10.21-17.13.56:103][  9]LogLinker: Warning: Can't find file '/Game/StarterContent/Materials/M_Wood_Oak'
[2018.10.21-17.13.56:103][  9]LogLinker: Warning: Can't find file for asset '/Game/StarterContent/Materials/M_Wood_Oak' while loading ../../../../../../1.3D Stuff/1.Game Projects/Neon_Abkan/Abkan_NeonCity/Neon_Abkan_Unreal/Content/Meshes/BuildingParts/Wall_Corner_WidowsPain_03.uasset.
[2018.10.21-17.13.56:187][  9]LogLinker: Warning: Can't find file '/Game/StarterContent/Materials/M_Concrete_Poured'
[2018.10.21-17.13.56:187][  9]LoadErrors: Failed to load /Game/StarterContent/Materials/M_Concrete_Poured.M_Concrete_Poured Referenced by Wall_Corner_WidowsPain_03
[2018.10.21-17.13.56:187][  9]LogLinker: Warning: Can't find file for asset '/Game/StarterContent/Materials/M_Concrete_Poured' while loading NULL.
[2018.10.21-17.13.56:187][  9]LogLinker: Warning: Can't find file '/Game/StarterContent/Materials/M_Wood_Oak'
[2018.10.21-17.13.56:187][  9]LoadErrors: Failed to load /Game/StarterContent/Materials/M_Wood_Oak.M_Wood_Oak Referenced by Wall_Corner_WidowsPain_03
[2018.10.21-17.13.56:187][  9]LogLinker: Warning: Can't find file for asset '/Game/StarterContent/Materials/M_Wood_Oak' while loading NULL.
[2018.10.21-17.13.56:187][  9]LogLinker: Warning: Can't find file '/Game/StarterContent/Materials/M_Concrete_Poured'
[2018.10.21-17.13.56:188][  9]LogLinker: Warning: Can't find file for asset '/Game/StarterContent/Materials/M_Concrete_Poured' while loading NULL.
[2018.10.21-17.13.56:188][  9]LogLinker: Warning: Can't find file '/Game/StarterContent/Materials/M_Wood_Oak'
[2018.10.21-17.13.56:188][  9]LogLinker: Warning: Can't find file for asset '/Game/StarterContent/Materials/M_Wood_Oak' while loading NULL.
[2018.10.21-17.13.56:308][  9]LogSkeletalMesh: Skeletal Mesh found in DDC [1.988833ms] /Game/Meshes/Character/Body_ref.Body_ref
[2018.10.21-17.13.56:403][  9]LogAIModule: Creating AISystem for world Apartment_29
[2018.10.21-17.13.56:433][  9]LogUObjectGlobals: Destroyed PersistentFrame Addr=0x000000002a0dd300, Size=296
[2018.10.21-17.13.56:434][  9]Cmd: MAP LOAD FILE="../../../../../../1.3D Stuff/1.Game Projects/Neon_Abkan/Abkan_NeonCity/Neon_Abkan_Unreal/Content/Levels/Apartment_29.umap" TEMPLATE=0 SHOWPROGRESS=1 FEATURELEVEL=3
[2018.10.21-17.13.56:434][  9]LightingResults: New page: Lighting Build
[2018.10.21-17.13.56:436][  9]LogContentBrowser: Native class hierarchy updated for 'StatsViewer' in 0.0003 seconds. Added 5 classes and 0 folders.
[2018.10.21-17.13.56:437][  9]LoadErrors: New page: Loading map: Apartment_29.umap
[2018.10.21-17.13.56:438][  9]MapCheck: New page: Map Check
[2018.10.21-17.13.56:438][  9]LightingResults: New page: Lighting Build
[2018.10.21-17.13.56:470][  9]LogEditorServer: Finished looking for orphan Actors (0.000 secs)
[2018.10.21-17.13.56:533][  9]Cmd: MAP CHECKDEP NOCLEARLOG
[2018.10.21-17.13.56:599][  9]MapCheck: Map check complete: 0 Error(s), 0 Warning(s), took 65.618ms to complete.
[2018.10.21-17.13.56:599][  9]LogFileHelpers: Loading map 'Apartment_29' took 0.165
[2018.10.21-17.17.10:713][717]LogEditorViewport: Clicking on Actor (LMB): SkeletalMeshActor (Sitting_Anim_mixamo_com)
[2018.10.21-17.17.29:910][858]LogSlate: FSceneViewport::OnFocusLost() reason 0
[2018.10.21-17.24.03:395][ 49]LogSavePackage: Save=284.02ms
[2018.10.21-17.24.03:395][ 49]LogSavePackage: Moving '../../../../../../1.3D Stuff/1.Game Projects/Neon_Abkan/Abkan_NeonCity/Neon_Abkan_Unreal/Saved/Apartment_29_Auto1DE89E332413B53BCE84C91B4CC1D0774.tmp' to '../../../../../../1.3D Stuff/1.Game Projects/Neon_Abkan/Abkan_NeonCity/Neon_Abkan_Unreal/Saved/Autosaves/Game/Levels/Apartment_29_Auto1.umap'
[2018.10.21-17.24.03:398][ 49]LogSavePackage: Display: Finished SavePackage ../../../../../../1.3D Stuff/1.Game Projects/Neon_Abkan/Abkan_NeonCity/Neon_Abkan_Unreal/Saved/Autosaves/Game/Levels/Apartment_29_Auto1.umap
[2018.10.21-17.24.03:402][ 49]LogFileHelpers: Editor autosave (incl. sublevels) for '/Game/Levels/Apartment_29' took 0.321
[2018.10.21-17.24.03:402][ 49]LogFileHelpers: Editor autosave (incl. sublevels) for all levels took 0.321
[2018.10.21-17.49.22:743][265]LogSlate: FSceneViewport::OnFocusLost() reason 0
[2018.10.21-17.49.25:060][402]LogRenderer: Reallocating scene render targets to support 1208x636 Format 10 NumSamples 1 (Frame:2586).
[2018.10.21-17.50.28:548][371]LogSlate: FSceneViewport::OnFocusLost() reason 0
[2018.10.21-17.50.28:729][383]LogTemp: Repeating last play command: Simulate
[2018.10.21-17.50.28:762][383]LogPlayLevel: PlayLevel: No blueprints needed recompiling
[2018.10.21-17.50.28:762][383]PIE: New page: SIE session: Apartment_29 (Oct 21, 2018, 7:50:28 PM)
[2018.10.21-17.50.28:763][383]LogPlayLevel: Creating play world package: /Game/Levels/UEDPIE_0_Apartment_29
[2018.10.21-17.50.28:792][383]LogPlayLevel: PIE: StaticDuplicateObject took: (0.029029s)
[2018.10.21-17.50.28:793][383]LogAIModule: Creating AISystem for world Apartment_29
[2018.10.21-17.50.28:793][383]LogPlayLevel: PIE: World Init took: (0.001560s)
[2018.10.21-17.50.28:794][383]LogPlayLevel: PIE: Created PIE world by copying editor world from /Game/Levels/Apartment_29.Apartment_29 to /Game/Levels/UEDPIE_0_Apartment_29.Apartment_29 (0.030922s)
[2018.10.21-17.50.28:833][383]LogInit: XAudio2 using 'Speakers (Realtek High Definition Audio)' : 2 channels at 48 kHz using 32 bits per sample (channel mask 0x3)
[2018.10.21-17.50.28:843][383]LogInit: FAudioDevice initialized.
[2018.10.21-17.50.28:880][383]LogLoad: Game class is 'ThirdPersonGameMode_C'
[2018.10.21-17.50.28:898][383]LogWorld: Bringing World /Game/Levels/UEDPIE_0_Apartment_29.Apartment_29 up for play (max tick rate 0) at 2018.10.21-18.50.28
[2018.10.21-17.50.28:898][383]LogWorld: Bringing up level for play took: 0.017097
[2018.10.21-17.50.28:902][383]LogContentBrowser: Native class hierarchy updated for 'MovieSceneCapture' in 0.0004 seconds. Added 11 classes and 0 folders.
[2018.10.21-17.50.28:903][383]PIE: Play in editor start time for /Game/Levels/UEDPIE_0_Apartment_29 0.142
[2018.10.21-17.50.43:560][360]LogEditorViewport: Clicking on Actor (LMB): StaticMeshActor (m_Apartment_Floor_Flat_01)
[2018.10.21-17.51.28:926][420]LogSlate: FSceneViewport::OnFocusLost() reason 0
[2018.10.21-17.52.10:907][547]LogEditorViewport: Clicking on Actor (LMB): StaticMeshActor (m_Apartment_Wall_EntranceKitchen_01)
[2018.10.21-17.52.13:704][703]LogEditorViewport: Clicking on Actor (LMB): StaticMeshActor (m_Apartment_Wall_WindowBed_2)
